*** Log start at Sat, 26 Dec 2015 11:49:17 GMT
Async snippets.cdn.mozilla.net
Async self-repair.mozilla.org
Async bild.de
Async www.bild.de
Async code.bildstatic.de
Async bilder.bild.de
Async atsfi.de
Async wetter.bild.de
Async rem-track.bild.de
Async ec-ns.sascdn.com
Async script.ioam.de
Async cdn1.smartadserver.com
Async qs.ioam.de
Async de.ioam.de
Async pixel.bild.de
Async a.visualrevenue.com
Async asv.nuggad.net
*** Log start at Sat, 26 Dec 2015 12:12:48 GMT
Async self-repair.mozilla.org
*** Log start at Sat, 26 Dec 2015 12:51:02 GMT
Async self-repair.mozilla.org
*** Log start at Sat, 26 Dec 2015 12:52:19 GMT
Async self-repair.mozilla.org
*** Log start at Sun, 27 Dec 2015 20:15:16 GMT
Async snippets.cdn.mozilla.net
Async snippets-stats.mozilla.org
Async self-repair.mozilla.org
Async oracle.com
Async www.oracle.com
Async www.oracleimg.com
Async search.oracle.com
Async www.java.com
Async www.java.com
Async www.java.com
Async javadl.sun.com
Async sdlc-esd.oracle.com
Async java.com
Async www.java.com
Async google.at
Async www.google.at
Async ssl.gstatic.com
Async www.zeit.de
Async card-builder-zon-assets.espi-cdn.com
Async www.googletagmanager.com
Async zeit01.webtrekk.net
Async www.googleadservices.com
Async res-2.cloudinary.com
Async res-4.cloudinary.com
Async res-5.cloudinary.com
Async images.zeit.de
Async ssl.zeit.de
Async www.zeit.de
Async card-builder-zon-assets.espi-cdn.com
Async www.googletagmanager.com
Async www.googleadservices.com
Async zeit01.webtrekk.net
Async www.google.at
Async www.br.de
Async de.sitestat.com
Async www.br.de
Async de.sitestat.com
Async cdn-storage.br.de
Async www.br.de
Async secure-eu.imrworldwide.com
Async de.sitestat.com
Async www.br.de
Async de.sitestat.com
Async www.br.de
Async de.sitestat.com
Async secure-eu.imrworldwide.com
Async www.br.de
Async de.sitestat.com
Async www.bayern3.de
Async lfu.klimaktiv-co2-rechner.de
Async lfu.klimaktiv-co2-rechner.de
Async lfu.klimaktiv-co2-rechner.de
Async lfu.klimaktiv-co2-rechner.de
Async lfu.klimaktiv-co2-rechner.de
Async lfu.klimaktiv-co2-rechner.de
Async lfu.klimaktiv-co2-rechner.de
Async lfu.klimaktiv-co2-rechner.de
Async www.br.de
Async de.sitestat.com
Async 2015paris.de
Async fonts.googleapis.com
Async i2.wp.com
Async i1.wp.com
Async www.youtube.com
Async i0.wp.com
Async www.democracynow.org
Async s.ytimg.com
Async skepticalscience.net
Async assets.democracynow.org
Async www.zeit.de
Async www.googletagmanager.com
Async www.googleadservices.com
Async zeit01.webtrekk.net
Async zeit.met.vgwort.de
Async www.climatechange2013.org
Async fonts.googleapis.com
Async www.climatechange2013.org
Async leo.org
Async www.leo.org
Async dict.leo.org
Async ib.adnxs.com
Async dict.leo.org
Async ib.adnxs.com
Async www.google.at
*** Log start at Mon, 28 Dec 2015 12:50:17 GMT
Async snippets.cdn.mozilla.net
Async self-repair.mozilla.org
Async youtube.com
Async www.youtube.com
Async s.ytimg.com
Async i.ytimg.com
Async yt3.ggpht.com
Async pubads.g.doubleclick.net
Async tpc.googlesyndication.com
Async accounts.google.com
Async www.gstatic.com
Async ssl.gstatic.com
Async lh3.googleusercontent.com
Async accounts.google.com
Async accounts.youtube.com
Async accounts.google.at
Async www.youtube.com
Async s.ytimg.com
Async yt3.ggpht.com
Async i.ytimg.com
Async pubads.g.doubleclick.net
Async tpc.googlesyndication.com
Async r2---sn-uxax3vh50nugp5-8pxr.googlevideo.com
Async www.youtube-nocookie.com
Async s.youtube.com
Async pagead2.googlesyndication.com
Async s.ytimg.com
Async yt3.ggpht.com
Async i.ytimg.com
Async www.youtube.com
Async gg.google.com
Async r2---sn-uxax3vh50nugp5-8pxr.googlevideo.com
Async i1.ytimg.com
Async s.youtube.com
Async r2---sn-uxax3vh50nugp5-8pxr.googlevideo.com
Async s.youtube.com
Async r2---sn-uxax3vh50nugp5-8pxr.googlevideo.com
Async s.youtube.com
Async www.youtube.com
Async r2---sn-uxax3vh50nugp5-8pxr.googlevideo.com
Async s.youtube.com
Async i.ytimg.com
Async r2---sn-uxax3vh50nugp5-8pxr.googlevideo.com
Async s.youtube.com
Async r2---sn-uxax3vh50nugp5-8pxr.googlevideo.com
Async s.youtube.com
Async r2---sn-uxax3vh50nugp5-8pxr.googlevideo.com
Async s.youtube.com
Async i.ytimg.com
Async s.youtube.com
Async www.youtube.com
Async yt3.ggpht.com
Async s.ytimg.com
Async i.ytimg.com
Async i1.ytimg.com
Async s.youtube.com
Async www.youtube.com
Async s.ytimg.com
Async yt3.ggpht.com
Async s2.googleusercontent.com
Async ad.doubleclick.net
Async gg.google.com
Async tpc.googlesyndication.com
Async googleads.g.doubleclick.net
Async i.ytimg.com
Async yt3.ggpht.com
Async www.google.at
Async greenpeace.org
Async www.greenpeace.org
Async grnpc.org
Async act.greenpeace.org
Async netdna.bootstrapcdn.com
Async assets.pinterest.com
Async www.greenpeace.org
Async act.greenpeace.org
Async netdna.bootstrapcdn.com
Async www.greenpeace.org
Async greenpeace.org
Async aaf1a18515da0e792f78-c27fdabe952dfc357fe25ebf5c8897ee.ssl.cf5.rackcdn.com
Async secured.greenpeace.org
Async secured-static.greenpeace.org
Async www.greenpeace.org
Async act.greenpeace.org
Async netdna.bootstrapcdn.com
Async aaf1a18515da0e792f78-c27fdabe952dfc357fe25ebf5c8897ee.ssl.cf5.rackcdn.com
Async wikipedia.org
Async www.wikipedia.org
Async upload.wikimedia.org
Async de.wikipedia.org
Async login.wikimedia.org
*** Log start at Mon, 28 Dec 2015 16:30:23 GMT
Async self-repair.mozilla.org
Async htl-wels.at
Async www.htl-wels.at
Async www.htl-wels.at
Async www.htl-wels.at
Async www.htl-wels.at
Async www.htl-wels.at
Async www.htl-wels.at
Async www.htl-wels.at
*** Log start at Mon, 28 Dec 2015 16:45:48 GMT
Async self-repair.mozilla.org
*** Log start at Mon, 28 Dec 2015 16:46:31 GMT
Async self-repair.mozilla.org
*** Log start at Mon, 28 Dec 2015 17:05:37 GMT
Async snippets.cdn.mozilla.net
Async www.htl-wels.at
Async self-repair.mozilla.org
Async htl-wels.at
Async hypate.webuntis.com
Async www.htl-wels.at
Async hypate.webuntis.com
Async hypate.webuntis.com
Async go.microsoft.com
Async windows.microsoft.com
Async res2.windows.microsoft.com
Async res1.windows.microsoft.com
Async login.live.com
Async a248.e.akamai.net
Async c.s-microsoft.com
Async www.facebook.com
Async c.microsoft.com
*** Log start at Sat, 02 Jan 2016 21:06:14 GMT
Async snippets.cdn.mozilla.net
Async self-repair.mozilla.org
Async www.oracle.com
Async orf.at
Async orf.oewabox.at
Async orf.at
Async orf.oewabox.at
Async orf.at
Async orf.oewabox.at
Async religion.orf.at
Async tubestatic.orf.at
Async orf.at
Async orf.oewabox.at
Async orf.at
Async orf.oewabox.at
Async www.wikipedia.org
Async wikipedia.org
Async upload.wikimedia.org
Async en.wikipedia.org
Async login.wikimedia.org
Async orf.at
Async orf.oewabox.at
Async de.wikipedia.org
Async upload.wikimedia.org
Async de.wikipedia.org
Async upload.wikimedia.org
Async login.wikimedia.org
Async orf.at
Async orf.oewabox.at
Async de.wikipedia.org
Async login.wikimedia.org
Async upload.wikimedia.org
Async de.wikipedia.org
Async upload.wikimedia.org
Async login.wikimedia.org
Async de.wikipedia.org
Async login.wikimedia.org
Async orf.at
Async orf.oewabox.at
Async www.swp-berlin.org
Async stats.swp-berlin.org
Async www.swp-berlin.org
Async stats.swp-berlin.org
Async www.swp-berlin.org
Async stats.swp-berlin.org
Async www.swp-berlin.org
Async stats.swp-berlin.org
Async www.swp-berlin.org
Async stats.swp-berlin.org
Async orf.at
Async orf.oewabox.at
Async news.orf.at
Async oesterreich.orf.at
Async oekastatic.orf.at
Async orf.oewabox.at
Async oesterreich.orf.at
Async oekastatic.orf.at
Async orf.oewabox.at
Async www.google.at
Async www.greenpeace.org
Async greenpeace.org
Async grnpc.org
Async act.greenpeace.org
Async netdna.bootstrapcdn.com
Async assets.pinterest.com
Async www.facebook.com
Async static.xx.fbcdn.net
Async scontent-vie1-1.xx.fbcdn.net
Async external-vie1-1.xx.fbcdn.net
Async www.independent.co.uk
Async b.scorecardresearch.com
Async static.independent.co.uk
Async independent.122.2o7.net
Async sb.scorecardresearch.com
Async www.facebook.com
Async static.xx.fbcdn.net
Async scontent-vie1-1.xx.fbcdn.net
Async external-vie1-1.xx.fbcdn.net
Async www.facebook.com
Async static.xx.fbcdn.net
Async scontent-vie1-1.xx.fbcdn.net
Async www.facebook.com
Async static.xx.fbcdn.net
Async scontent-vie1-1.xx.fbcdn.net
Async external-vie1-1.xx.fbcdn.net
Async greenpeace.de
Async www.greenpeace.de
Async greenpeace01.webtrekk.net
Async cdn.iframe.ly
Async greenpeace01.webtrekk.net
Async www.greenpeace.de
Async greenpeace01.webtrekk.net
Async www.greenpeace.us
Async www.greenpeace.org
Async www.facebook.com
Async greenpeace.us
Async www.greenpeace.org
Async www.facebook.com
Async www.greenpeace.org
Async grnpc.org
Async act.greenpeace.org
Async netdna.bootstrapcdn.com
Async greenpeace01.webtrekk.net
Async www.greenpeace.de
Async cdn.iframe.ly
Async greenpeace01.webtrekk.net
Async www.greenpeace.de
Async www.youtube.com
Async s.ytimg.com
Async i.ytimg.com
Async images.zeit.de
Async ssl.zeit.de
Async zeit.de
Async www.zeit.de
Async www.googletagmanager.com
Async zeit01.webtrekk.net
Async quiz.zeit.de
Async www.googleadservices.com
Async zeit.met.vgwort.de
Async english.al-akhbar.com
Async i.creativecommons.org
Async licensebuttons.net
Async dict.leo.org
Async leo.org
Async www.leo.org
Async ib.adnxs.com
*** Log start at Mon, 04 Jan 2016 16:45:36 GMT
Async snippets.cdn.mozilla.net
Async s.ytimg.com
Async self-repair.mozilla.org
Async youtube.com
Async www.youtube.com
Async yt3.ggpht.com
Async i.ytimg.com
Async pubads.g.doubleclick.net
Async tpc.googlesyndication.com
Async gg.google.com
Async clients1.google.com
Async www.gstatic.com
Async r1---sn-apfxnu-ao1l.googlevideo.com
Async s.youtube.com
Async r5---sn-5hne6n7l.googlevideo.com
Async s.ytimg.com
Async i.ytimg.com
Async www.youtube.com
Async s.youtube.com
Async www.youtube.com
Async r1---sn-apfxnu-ao1l.googlevideo.com
Async s.youtube.com
Async r1---sn-apfxnu-ao1l.googlevideo.com
Async r1---sn-apfxnu-ao1l.googlevideo.com
Async s.youtube.com
Async www.youtube.com
Async s.youtube.com
Async i1.ytimg.com
Async r1---sn-apfxnu-ao1l.googlevideo.com
Async i.ytimg.com
Async www.youtube.com
Async s.ytimg.com
Async www.google.com
Async www.google.at
Async ssl.gstatic.com
Async lh6.googleusercontent.com
Async www.atlauncher.com
Async maxcdn.bootstrapcdn.com
Async s.youtube.com
Async s.youtube.com
Async i1.ytimg.com
Async s.youtube.com
Async r1---sn-apfxnu-ao1l.googlevideo.com
Async r1---sn-apfxnu-ao1l.googlevideo.com
Async s.youtube.com
Async r1---sn-apfxnu-ao1l.googlevideo.com
Async s.youtube.com
Async i.ytimg.com
Async r1---sn-apfxnu-ao1l.googlevideo.com
Async s.youtube.com
Async r1---sn-apfxnu-ao1l.googlevideo.com
Async i1.ytimg.com
Async s.youtube.com
Async r1---sn-apfxnu-ao1l.googlevideo.com
Async s.youtube.com
Async i.ytimg.com
Async r1---sn-apfxnu-ao1l.googlevideo.com
Async s.youtube.com
Async r1---sn-apfxnu-ao1l.googlevideo.com
Async s.youtube.com
Async r1---sn-apfxnu-ao1l.googlevideo.com
Async s.youtube.com
Async s.youtube.com
Async r1---sn-apfxnu-ao1l.googlevideo.com
Async i.ytimg.com
Async r1---sn-apfxnu-ao1l.googlevideo.com
Async s.youtube.com
Async r1---sn-apfxnu-ao1l.googlevideo.com
Async s.youtube.com
Async www.youtube.com
Async s.youtube.com
Async i.ytimg.com
Async i1.ytimg.com
Async yt3.ggpht.com
Async s2.googleusercontent.com
Async s.ytimg.com
Async gg.google.com
Async clients1.google.com
Async r4---sn-apfxnu-ao1l.googlevideo.com
Async r12---sn-vgqs7ner.googlevideo.com
Async i.ytimg.com
Async www.youtube.com
Async r2---sn-apfxnu-ao1l.googlevideo.com
Async s.youtube.com
Async r15---sn-vgqsens7.googlevideo.com
Async gg.google.com
Async clients1.google.com
Async yt3.ggpht.com
Async r5---sn-4g57knk7.googlevideo.com
Async i1.ytimg.com
Async r2---sn-apfxnu-ao1l.googlevideo.com
Async www.youtube.com
Async i.ytimg.com
Async s.youtube.com
Async r5---sn-4g57knk7.googlevideo.com
Async r2---sn-apfxnu-ao1l.googlevideo.com
Async s.youtube.com
Async r5---sn-4g57knk7.googlevideo.com
Async www.youtube.com
Async r2---sn-apfxnu-ao1l.googlevideo.com
Async r5---sn-4g57knk7.googlevideo.com
Async s.youtube.com
Async i.ytimg.com
Async i1.ytimg.com
Async r5---sn-4g57knk7.googlevideo.com
Async r2---sn-apfxnu-ao1l.googlevideo.com
Async s.youtube.com
Async r5---sn-4g57knk7.googlevideo.com
Async r2---sn-apfxnu-ao1l.googlevideo.com
Async s.youtube.com
Async r5---sn-4g57knk7.googlevideo.com
Async r2---sn-apfxnu-ao1l.googlevideo.com
Async s.youtube.com
Async r5---sn-4g57knk7.googlevideo.com
Async r2---sn-apfxnu-ao1l.googlevideo.com
Async i.ytimg.com
Async s.youtube.com
Async r5---sn-4g57knk7.googlevideo.com
Async r2---sn-apfxnu-ao1l.googlevideo.com
Async i1.ytimg.com
Async i.ytimg.com
Async s.youtube.com
Async i1.ytimg.com
Async s.youtube.com
Async r5---sn-4g57knk7.googlevideo.com
Async r2---sn-apfxnu-ao1l.googlevideo.com
Async r5---sn-4g57knk7.googlevideo.com
Async s.youtube.com
Async r2---sn-apfxnu-ao1l.googlevideo.com
Async www.youtube.com
Async i.ytimg.com
Async r5---sn-4g57knk7.googlevideo.com
Async s.youtube.com
Async r2---sn-apfxnu-ao1l.googlevideo.com
Async r5---sn-4g57knk7.googlevideo.com
Async i.ytimg.com
Async s.youtube.com
Async r2---sn-apfxnu-ao1l.googlevideo.com
Async r5---sn-4g57knk7.googlevideo.com
Async s.youtube.com
Async s.youtube.com
Async i.ytimg.com
Async r5---sn-4g57knk7.googlevideo.com
Async r2---sn-apfxnu-ao1l.googlevideo.com
Async s.youtube.com
Async i1.ytimg.com
Async r5---sn-4g57knk7.googlevideo.com
Async s.youtube.com
Async i.ytimg.com
Async r5---sn-4g57knk7.googlevideo.com
Async s.youtube.com
Async r2---sn-apfxnu-ao1l.googlevideo.com
Async i1.ytimg.com
Async r5---sn-4g57knk7.googlevideo.com
Async s.youtube.com
Async r2---sn-apfxnu-ao1l.googlevideo.com
Async i.ytimg.com
Async r5---sn-4g57knk7.googlevideo.com
Async s.youtube.com
Async r2---sn-apfxnu-ao1l.googlevideo.com
Async r5---sn-4g57knk7.googlevideo.com
Async s.youtube.com
Async i.ytimg.com
Async r2---sn-apfxnu-ao1l.googlevideo.com
Async r5---sn-4g57knk7.googlevideo.com
Async s.youtube.com
Async s.youtube.com
Async i1.ytimg.com
Async i.ytimg.com
Async s.youtube.com
Async www.youtube.com
Async i1.ytimg.com
Async s2.googleusercontent.com
Async yt3.ggpht.com
Async gg.google.com
Async i.ytimg.com
Async clients1.google.com
Async www.youtube.com
Async r1---sn-apfxnu-ao1l.googlevideo.com
Async s.youtube.com
Async gg.google.com
Async clients1.google.com
Async i.ytimg.com
Async r1---sn-apfxnu-ao1l.googlevideo.com
Async s.youtube.com
Async s.youtube.com
Async r1---sn-apfxnu-ao1l.googlevideo.com
Async s.youtube.com
Async i1.ytimg.com
Async www.youtube.com
Async i.ytimg.com
Async r1---sn-apfxnu-ao1l.googlevideo.com
Async s.youtube.com
Async r1---sn-apfxnu-ao1l.googlevideo.com
Async i.ytimg.com
Async s.youtube.com
Async r1---sn-apfxnu-ao1l.googlevideo.com
Async www.youtube.com
Async i1.ytimg.com
Async s.youtube.com
Async r1---sn-apfxnu-ao1l.googlevideo.com
Async s.youtube.com
Async r1---sn-apfxnu-ao1l.googlevideo.com
Async r1---sn-apfxnu-ao1l.googlevideo.com
Async s.youtube.com
Async r1---sn-apfxnu-ao1l.googlevideo.com
Async i.ytimg.com
Async s.youtube.com
Async i1.ytimg.com
Async r1---sn-apfxnu-ao1l.googlevideo.com
Async s.youtube.com
Async i.ytimg.com
Async r1---sn-apfxnu-ao1l.googlevideo.com
Async s.youtube.com
Async r1---sn-apfxnu-ao1l.googlevideo.com
Async s.youtube.com
Async i.ytimg.com
Async s.youtube.com
Async i1.ytimg.com
Async s.youtube.com
Async s.youtube.com
Async s.youtube.com
Async www.youtube.com
Async i.ytimg.com
Async s.youtube.com
Async s.youtube.com
Async i1.ytimg.com
Async i.ytimg.com
Async www.youtube.com
Async gg.google.com
Async clients1.google.com
Async s2.googleusercontent.com
Async yt3.ggpht.com
Async www.youtube.com
Async r1---sn-apfxnu-ao1l.googlevideo.com
Async s.youtube.com
Async r15---sn-p5qlsnzk.googlevideo.com
Async i.ytimg.com
Async gg.google.com
Async clients1.google.com
Async i1.ytimg.com
Async r1---sn-apfxnu-ao1l.googlevideo.com
Async s.youtube.com
Async r1---sn-apfxnu-ao1l.googlevideo.com